---------------------------------------------------------------------------------------------------------------------------------------------------------------------------------------------------------------------------------
      name:  <unnamed>
       log:  C:\wd\adultery-law-south-korea-demres\log/04-analysis.log
  log type:  text
 opened on:  27 Nov 2024, 18:44:04

. 
. use data/data_w1_w5_recoded.dta, clear

. 
. *** select the analytical sample
. keep if w4_part ==1 & w5_part == 1 & w3_part == 1 & w2_part ==1 & w1_par== 1
(9,839 observations deleted)

. // count if W == 1
. keep if num_y == 5 // drop Rs with missing outcome in any wave
(50 observations deleted)

. // count if W == 1
. drop if covar_miss == 1 // drop Rs with missing covariates
(10 observations deleted)

. // count if W == 1
. // count
. // tab d if W ==1
. 
. ********************************************************************************
. *** DiD Estimation
. ********************************************************************************
. 
. *** No covariates **************************************************************
. * models
. reg y w d post if days_all >= 88  [pw= wt_rs], vce(cluster opid) // 5 months
(sum of wgt is 3.529550333942097)

Linear regression                               Number of obs     =     25,405
                                                F(3, 5080)        =       1.49
                                                Prob > F          =     0.2149
                                                R-squared         =     0.0017
                                                Root MSE          =     .83569

                               (Std. err. adjusted for 5,081 clusters in opid)
------------------------------------------------------------------------------
             |               Robust
           y | Coefficient  std. err.      t    P>|t|     [95% conf. interval]
-------------+----------------------------------------------------------------
           w |  -.2300801    .109471    -2.10   0.036    -.4446904   -.0154698
           d |   .1043005   .0654227     1.59   0.111    -.0239562    .2325572
        post |   .0072248   .0222644     0.32   0.746     -.036423    .0508727
       _cons |   2.523737   .0183576   137.48   0.000     2.487748    2.559726
------------------------------------------------------------------------------

. est store months_5

. reg y w d post    [pw= wt_rs], vce(cluster opid) // All
(sum of wgt is 4.206497423660949)

Linear regression                               Number of obs     =     30,700
                                                F(3, 6139)        =       1.60
                                                Prob > F          =     0.1881
                                                R-squared         =     0.0019
                                                Root MSE          =     .83923

                               (Std. err. adjusted for 6,140 clusters in opid)
------------------------------------------------------------------------------
             |               Robust
           y | Coefficient  std. err.      t    P>|t|     [95% conf. interval]
-------------+----------------------------------------------------------------
           w |  -.2311323     .10896    -2.12   0.034    -.4447322   -.0175324
           d |   .1321926   .0648425     2.04   0.042     .0050785    .2593068
        post |    .008277   .0196144     0.42   0.673    -.0301741    .0467281
       _cons |   2.495845   .0161753   154.30   0.000     2.464136    2.527554
------------------------------------------------------------------------------

. est store all

. reg y w d post if days_all >= 118  [pw= wt_rs], vce(cluster opid) // 4 months
(sum of wgt is 2.503419135127842)

Linear regression                               Number of obs     =     17,625
                                                F(3, 3524)        =       1.97
                                                Prob > F          =     0.1160
                                                R-squared         =     0.0020
                                                Root MSE          =     .84043

                               (Std. err. adjusted for 3,525 clusters in opid)
------------------------------------------------------------------------------
             |               Robust
           y | Coefficient  std. err.      t    P>|t|     [95% conf. interval]
-------------+----------------------------------------------------------------
           w |  -.1951025   .1113407    -1.75   0.080    -.4134011    .0231962
           d |   .0677931   .0674175     1.01   0.315    -.0643883    .1999744
        post |  -.0277528   .0301157    -0.92   0.357    -.0867988    .0312931
       _cons |   2.560245   .0245244   104.40   0.000     2.512161    2.608328
------------------------------------------------------------------------------

. est store months_4

. reg y w d post if days_all >= 149  [pw= wt_rs], vce(cluster opid) // 3 months
(sum of wgt is 1.789383138057019)

Linear regression                               Number of obs     =     12,330
                                                F(3, 2465)        =       1.81
                                                Prob > F          =     0.1439
                                                R-squared         =     0.0029
                                                Root MSE          =     .84341

                               (Std. err. adjusted for 2,466 clusters in opid)
------------------------------------------------------------------------------
             |               Robust
           y | Coefficient  std. err.      t    P>|t|     [95% conf. interval]
-------------+----------------------------------------------------------------
           w |   -.191759   .1130289    -1.70   0.090    -.4134003    .0298824
           d |   .0757217   .0692508     1.09   0.274    -.0600741    .2115175
        post |  -.0310963   .0358259    -0.87   0.385    -.1013484    .0391557
       _cons |   2.552316   .0291758    87.48   0.000     2.495104    2.609528
------------------------------------------------------------------------------

. est store months_3

. reg y w d post if days_all >= 179   [pw= wt_rs], vce(cluster opid) // 2 months
(sum of wgt is .9857443258988496)

Linear regression                               Number of obs     =      6,870
                                                F(3, 1373)        =       3.66
                                                Prob > F          =     0.0120
                                                R-squared         =     0.0088
                                                Root MSE          =     .85538

                               (Std. err. adjusted for 1,374 clusters in opid)
------------------------------------------------------------------------------
             |               Robust
           y | Coefficient  std. err.      t    P>|t|     [95% conf. interval]
-------------+----------------------------------------------------------------
           w |  -.0726178   .1238701    -0.59   0.558     -.315613    .1703774
           d |   .0863184   .0732101     1.18   0.239    -.0572973    .2299341
        post |  -.1502375   .0620149    -2.42   0.016    -.2718917   -.0285833
       _cons |   2.541719    .037593    67.61   0.000     2.467974    2.615465
------------------------------------------------------------------------------

. est store months_2

. reg y  w d post if days_all >= 210  [pw= wt_rs], vce(cluster opid) // 1 month
(sum of wgt is .6166568060507416)

Linear regression                               Number of obs     =      3,650
                                                F(3, 729)         =       2.44
                                                Prob > F          =     0.0636
                                                R-squared         =     0.0085
                                                Root MSE          =     .84167

                                 (Std. err. adjusted for 730 clusters in opid)
------------------------------------------------------------------------------
             |               Robust
           y | Coefficient  std. err.      t    P>|t|     [95% conf. interval]
-------------+----------------------------------------------------------------
           w |  -.1092513   .1261607    -0.87   0.387    -.3569329    .1384303
           d |   .0608426   .0772441     0.79   0.431    -.0908048    .2124899
        post |   -.113604   .0663831    -1.71   0.087    -.2439289    .0167209
       _cons |   2.567195    .044901    57.17   0.000     2.479044    2.655346
------------------------------------------------------------------------------

. est store months_1

. 
. *** store the estimates
. estout months_5 all months_4 months_3 months_2 months_1 ///
>                 using output/baseline-model-est.xls,  ///
>         cells(b(fmt(a2)) se(par)  p(fmt(a2))) stats(N ) replace  
(file output/baseline-model-est.xls not found)
(output written to output/baseline-model-est.xls)

. 
. *** Include covariates **********************************************************
. 
. *** Dummies for each level of the covariates
. foreach var in age_4_r educ_4_r  employed_4_r relig_4_r reg15_1_r marital_4_r {
  2.         dis ""
  3.         dis "*******************************************************************"
  4.         dis "Distribution of: `var'"  
  5.         dis "*******************************************************************"
  6.         dis ""
  7.         tab `var', gen(`var'_c)
  8. }

*******************************************************************
Distribution of: age_4_r
*******************************************************************


  Age groups |
        (w4) |      Freq.     Percent        Cum.
-------------+-----------------------------------
    Below 40 |      7,060       23.00       23.00
       40-49 |      9,365       30.50       53.50
50 and Above |     14,275       46.50      100.00
-------------+-----------------------------------
       Total |     30,700      100.00

*******************************************************************
Distribution of: educ_4_r
*******************************************************************


    Eduation |
        (w4) |      Freq.     Percent        Cum.
-------------+-----------------------------------
  HS or Less |     22,145       72.13       72.13
AA/BA/MA/PHD |      8,555       27.87      100.00
-------------+-----------------------------------
       Total |     30,700      100.00

*******************************************************************
Distribution of: employed_4_r
*******************************************************************


   Employement |
   status (w4) |      Freq.     Percent        Cum.
---------------+-----------------------------------
Unemployed/NIL |     13,680       44.56       44.56
      Employed |     17,020       55.44      100.00
---------------+-----------------------------------
         Total |     30,700      100.00

*******************************************************************
Distribution of: relig_4_r
*******************************************************************


   Religion |
       (w4) |      Freq.     Percent        Cum.
------------+-----------------------------------
 None/Other |     12,755       41.55       41.55
 Protestant |      6,700       21.82       63.37
   Catholic |      2,245        7.31       70.68
   Buddhist |      9,000       29.32      100.00
------------+-----------------------------------
      Total |     30,700      100.00

*******************************************************************
Distribution of: reg15_1_r
*******************************************************************


  reg15_1_r |      Freq.     Percent        Cum.
------------+-----------------------------------
          1 |      8,130       26.48       26.48
          2 |      6,410       20.88       47.36
          3 |     16,160       52.64      100.00
------------+-----------------------------------
      Total |     30,700      100.00

*******************************************************************
Distribution of: marital_4_r
*******************************************************************


      Marital |
  status (w4) |      Freq.     Percent        Cum.
--------------+-----------------------------------
Never Married |      1,510        4.92        4.92
 Ever Married |     29,190       95.08      100.00
--------------+-----------------------------------
        Total |     30,700      100.00

. 
. * model specificiation
. global full_model c.w i.d i.f5 ///
>         c.w#c.age_4_r_c2  c.w#c.age_4_r_c3   ///
>         c.w#c.educ_4_r_c2  c.w#c.employed_4_r_c2 ///
>         c.w#c.relig_4_r_c2 c.w#c.relig_4_r_c3 c.w#c.relig_4_r_c4  ///
>         c.w#c.reg15_1_r_c2 c.w#c.reg15_1_r_c3 c.w#c.health_4_r_dm ///
>         c.age_4_r_c2 c.age_4_r_c3 c.educ_4_r_c2 c.employed_4_r_c2 ///
>         c.relig_4_r_c2 c.relig_4_r_c3 c.relig_4_r_c4  ///
>         c.reg15_1_r_c2 c.reg15_1_r_c3 c.health_4_r_dm ///
>         i.d#c.age_4_r_c2 i.d#c.age_4_r_c3 i.d#c.educ_4_r_c2  ///
>         i.d#c.employed_4_r_c2 ///
>         i.d#c.relig_4_r_c2 i.d#c.relig_4_r_c3 i.d#c.relig_4_r_c4  ///
>         i.d#c.reg15_1_r_c2 i.d#c.reg15_1_r_c3 i.d#c.health_4_r_dm ///
>         i.f5#c.age_4_r_c2 i.f5#c.age_4_r_c3 i.f5#c.educ_4_r_c2 ///
>         i.f5#c.employed_4_r_c2 ///
>         i.f5#c.relig_4_r_c2 i.f5#c.relig_4_r_c3 i.f5#c.relig_4_r_c4 ///
>         i.f5#c.reg15_1_r_c2 i.f5#c.reg15_1_r_c3 i.f5#c.health_4_r_dm

. 
. // * model specificiation: model with marital status
. // global full_model c.w i.d i.f5 ///
. //      c.w#c.age_4_r_c2  c.w#c.age_4_r_c3   ///
. //      c.w#c.educ_4_r_c2  c.w#c.employed_4_r_c2 ///
. //      c.w#c.relig_4_r_c2 c.w#c.relig_4_r_c3 c.w#c.relig_4_r_c4  ///
. //      c.w#c.marital_4_r_c2 ///
. //      c.w#c.reg15_1_r_c2 c.w#c.reg15_1_r_c3 c.w#c.health_4_r_dm ///
. //      c.age_4_r_c2 c.age_4_r_c3 c.educ_4_r_c2 c.employed_4_r_c2 ///
. //      c.relig_4_r_c2 c.relig_4_r_c3 c.relig_4_r_c4  marital_4_r_c2 ///
. //      c.reg15_1_r_c2 c.reg15_1_r_c3 c.health_4_r_dm ///
. //      i.d#c.age_4_r_c2 i.d#c.age_4_r_c3 i.d#c.educ_4_r_c2  ///
. //      i.d#c.marital_4_r_c2 ///
. //      i.d#c.employed_4_r_c2 ///
. //      i.d#c.relig_4_r_c2 i.d#c.relig_4_r_c3 i.d#c.relig_4_r_c4  ///
. //      i.d#c.reg15_1_r_c2 i.d#c.reg15_1_r_c3 i.d#c.health_4_r_dm ///
. //      i.f5#c.age_4_r_c2 i.f5#c.age_4_r_c3 i.f5#c.educ_4_r_c2 ///
. //       i.f5#c.employed_4_r_c2 ///
. //      i.f5#c.relig_4_r_c2 i.f5#c.relig_4_r_c3 i.f5#c.relig_4_r_c4 ///
. //      i.f5#c.reg15_1_r_c2 i.f5#c.reg15_1_r_c3 i.f5#c.health_4_r_dm ///
. //      i.f5#c.marital_4_r_c2 
. 
.  
. *** Estimation
. foreach num of numlist 88 0 118 149 179 210 {
  2. 
. *** de-mean for continous variables
. foreach var in health_4_r {
  3.         qui sum `var' [aw= wt_rs] if d & days >= `num'
  4.         gen `var'_dm =`var' - r(mean)
  5. }
  6. 
. * Estimate the full model
. reg y $full_model [pw= wt_rs]  if days_all >= `num' , vce(cluster opid)
  7. 
. * Estimate ATT
. margins, dydx(w) at(f5==1) subpop(if d == 1) vce(uncond) post
  8.         est store cov_model_`num'
  9. drop *_dm
 10. }
(sum of wgt is 3.529550333942097)

Linear regression                               Number of obs     =     25,405
                                                F(43, 5080)       =      18.17
                                                Prob > F          =     0.0000
                                                R-squared         =     0.1186
                                                Root MSE          =     .78585

                                        (Std. err. adjusted for 5,081 clusters in opid)
---------------------------------------------------------------------------------------
                      |               Robust
                    y | Coefficient  std. err.      t    P>|t|     [95% conf. interval]
----------------------+----------------------------------------------------------------
                    w |  -.2202084   .2345435    -0.94   0.348    -.6800148     .239598
                  1.d |   .0094373   .1195497     0.08   0.937    -.2249316    .2438063
                 1.f5 |  -.0022414   .0645791    -0.03   0.972    -.1288444    .1243616
                      |
     c.w#c.age_4_r_c2 |   .3368461   .2020533     1.67   0.096    -.0592655    .7329577
                      |
     c.w#c.age_4_r_c3 |   .5404471   .2281246     2.37   0.018     .0932245    .9876698
                      |
    c.w#c.educ_4_r_c2 |   .0239383   .2042345     0.12   0.907    -.3764495     .424326
                      |
c.w#c.employed_4_r_c2 |  -.1061011    .132561    -0.80   0.424    -.3659779    .1537757
                      |
   c.w#c.relig_4_r_c2 |  -.2331323   .2138897    -1.09   0.276    -.6524483    .1861838
                      |
   c.w#c.relig_4_r_c3 |  -.1742229   .1896423    -0.92   0.358    -.5460036    .1975578
                      |
   c.w#c.relig_4_r_c4 |  -.1551448   .1690809    -0.92   0.359    -.4866163    .1763267
                      |
   c.w#c.reg15_1_r_c2 |  -.0559311   .1809394    -0.31   0.757    -.4106504    .2987881
                      |
   c.w#c.reg15_1_r_c3 |  -.2401023   .1745071    -1.38   0.169    -.5822114    .1020068
                      |
  c.w#c.health_4_r_dm |  -.0510967   .0778792    -0.66   0.512    -.2037736    .1015802
                      |
           age_4_r_c2 |   -.210373   .0307863    -6.83   0.000    -.2707274   -.1500186
           age_4_r_c3 |  -.4382113   .0347444   -12.61   0.000    -.5063253   -.3700973
          educ_4_r_c2 |   .0905028    .033335     2.71   0.007     .0251517    .1558538
      employed_4_r_c2 |   .0521377   .0255404     2.04   0.041     .0020676    .1022079
         relig_4_r_c2 |  -.1351303   .0319478    -4.23   0.000    -.1977617   -.0724988
         relig_4_r_c3 |  -.0816105   .0475794    -1.72   0.086    -.1748868    .0116657
         relig_4_r_c4 |  -.1226038   .0251772    -4.87   0.000     -.171962   -.0732456
         reg15_1_r_c2 |  -.0714348   .0345066    -2.07   0.038    -.1390825    -.003787
         reg15_1_r_c3 |  -.0980508   .0284094    -3.45   0.001    -.1537454   -.0423562
        health_4_r_dm |   .0659187   .0172775     3.82   0.000     .0320474      .09979
                      |
       d#c.age_4_r_c2 |
                   1  |  -.1146261   .0954727    -1.20   0.230    -.3017937    .0725416
                      |
       d#c.age_4_r_c3 |
                   1  |  -.1989242   .1137093    -1.75   0.080    -.4218436    .0239951
                      |
      d#c.educ_4_r_c2 |
                   1  |  -.0946357   .0990359    -0.96   0.339    -.2887888    .0995174
                      |
  d#c.employed_4_r_c2 |
                   1  |   .0636421   .0655108     0.97   0.331    -.0647874    .1920716
                      |
     d#c.relig_4_r_c2 |
                   1  |   .2752352   .1021376     2.69   0.007     .0750015    .4754688
                      |
     d#c.relig_4_r_c3 |
                   1  |   .2399609     .12812     1.87   0.061    -.0112095    .4911312
                      |
     d#c.relig_4_r_c4 |
                   1  |   .1390222   .0923624     1.51   0.132     -.042048    .3200924
                      |
     d#c.reg15_1_r_c2 |
                   1  |   .0164647    .092761     0.18   0.859    -.1653869    .1983163
                      |
     d#c.reg15_1_r_c3 |
                   1  |   .1219119   .0855204     1.43   0.154     -.045745    .2895688
                      |
    d#c.health_4_r_dm |
                   1  |  -.0831921   .0456015    -1.82   0.068    -.1725907    .0062065
                      |
      f5#c.age_4_r_c2 |
                   1  |  -.0727208   .0497217    -1.46   0.144    -.1701967    .0247551
                      |
      f5#c.age_4_r_c3 |
                   1  |   .0091243   .0546649     0.17   0.867    -.0980424    .1162911
                      |
     f5#c.educ_4_r_c2 |
                   1  |   -.039684     .05346    -0.74   0.458    -.1444888    .0651207
                      |
 f5#c.employed_4_r_c2 |
                   1  |  -.0453218   .0418181    -1.08   0.279    -.1273034    .0366598
                      |
    f5#c.relig_4_r_c2 |
                   1  |   .1634949   .0494061     3.31   0.001     .0666377    .2603521
                      |
    f5#c.relig_4_r_c3 |
                   1  |   .0345927   .0608231     0.57   0.570    -.0846468    .1538322
                      |
    f5#c.relig_4_r_c4 |
                   1  |    .091556   .0448548     2.04   0.041     .0036212    .1794909
                      |
    f5#c.reg15_1_r_c2 |
                   1  |   .0645605   .0652674     0.99   0.323    -.0633917    .1925126
                      |
    f5#c.reg15_1_r_c3 |
                   1  |  -.0311392   .0466795    -0.67   0.505    -.1226512    .0603728
                      |
   f5#c.health_4_r_dm |
                   1  |   .0145238    .028505     0.51   0.610    -.0413583    .0704059
                      |
                _cons |   2.782658   .0474668    58.62   0.000     2.689603    2.875713
---------------------------------------------------------------------------------------

Average marginal effects                              Number of obs   = 25,405
                                                      Subpop. no. obs =  2,030

Expression: Linear prediction, predict()
dy/dx wrt:  w
At: f5 = 1

                               (Std. err. adjusted for 5,081 clusters in opid)
------------------------------------------------------------------------------
             |            Unconditional
             |      dy/dx   std. err.      t    P>|t|     [95% conf. interval]
-------------+----------------------------------------------------------------
           w |  -.2270274   .1057894    -2.15   0.032    -.4344203   -.0196346
------------------------------------------------------------------------------
(sum of wgt is 4.206497423660949)

Linear regression                               Number of obs     =     30,700
                                                F(43, 6139)       =      22.17
                                                Prob > F          =     0.0000
                                                R-squared         =     0.1189
                                                Root MSE          =       .789

                                        (Std. err. adjusted for 6,140 clusters in opid)
---------------------------------------------------------------------------------------
                      |               Robust
                    y | Coefficient  std. err.      t    P>|t|     [95% conf. interval]
----------------------+----------------------------------------------------------------
                    w |  -.2482256    .232954    -1.07   0.287     -.704897    .2084458
                  1.d |   .0116346   .1181233     0.10   0.922    -.2199285    .2431977
                 1.f5 |   .0257758   .0586851     0.44   0.661    -.0892677    .1408192
                      |
     c.w#c.age_4_r_c2 |   .3106096   .2013295     1.54   0.123    -.0840667    .7052859
                      |
     c.w#c.age_4_r_c3 |   .5374937   .2269048     2.37   0.018     .0926807    .9823066
                      |
    c.w#c.educ_4_r_c2 |   .0395224   .2027177     0.19   0.845    -.3578753    .4369201
                      |
c.w#c.employed_4_r_c2 |  -.1038666   .1312467    -0.79   0.429    -.3611562    .1534231
                      |
   c.w#c.relig_4_r_c2 |  -.1796273   .2134398    -0.84   0.400    -.5980442    .2387895
                      |
   c.w#c.relig_4_r_c3 |  -.1080215   .1889227    -0.57   0.567    -.4783762    .2623332
                      |
   c.w#c.relig_4_r_c4 |  -.1205965   .1679694    -0.72   0.473    -.4498753    .2086824
                      |
   c.w#c.reg15_1_r_c2 |  -.0335828    .178877    -0.19   0.851    -.3842445    .3170788
                      |
   c.w#c.reg15_1_r_c3 |  -.2468597   .1733093    -1.42   0.154    -.5866066    .0928872
                      |
  c.w#c.health_4_r_dm |  -.0438949   .0764466    -0.57   0.566     -.193757    .1059671
                      |
           age_4_r_c2 |  -.2169945   .0288843    -7.51   0.000    -.2736179   -.1603711
           age_4_r_c3 |  -.4635308   .0325359   -14.25   0.000    -.5273125    -.399749
          educ_4_r_c2 |    .097817   .0310569     3.15   0.002     .0369345    .1586994
      employed_4_r_c2 |   .0401755   .0229395     1.75   0.080    -.0047939     .085145
         relig_4_r_c2 |  -.1345301   .0284099    -4.74   0.000    -.1902235   -.0788367
         relig_4_r_c3 |  -.0779601   .0464204    -1.68   0.093    -.1689603    .0130402
         relig_4_r_c4 |  -.1171287   .0231282    -5.06   0.000    -.1624681   -.0717893
         reg15_1_r_c2 |  -.0623344   .0310593    -2.01   0.045    -.1232214   -.0014473
         reg15_1_r_c3 |  -.0923403   .0259277    -3.56   0.000    -.1431677   -.0415129
        health_4_r_dm |   .0499915   .0146917     3.40   0.001     .0211906    .0787923
                      |
       d#c.age_4_r_c2 |
                   1  |  -.1080046   .0948624    -1.14   0.255    -.2939682     .077959
                      |
       d#c.age_4_r_c3 |
                   1  |  -.1736047   .1130372    -1.54   0.125    -.3951972    .0479877
                      |
      d#c.educ_4_r_c2 |
                   1  |  -.1019499   .0982781    -1.04   0.300    -.2946094    .0907096
                      |
  d#c.employed_4_r_c2 |
                   1  |   .0756043   .0645321     1.17   0.241    -.0509013    .2021098
                      |
     d#c.relig_4_r_c2 |
                   1  |    .274635   .1010716     2.72   0.007     .0764992    .4727708
                      |
     d#c.relig_4_r_c3 |
                   1  |   .2363104    .127676     1.85   0.064    -.0139793    .4866001
                      |
     d#c.relig_4_r_c4 |
                   1  |   .1335472    .091811     1.45   0.146    -.0464346     .313529
                      |
     d#c.reg15_1_r_c2 |
                   1  |   .0073643   .0915214     0.08   0.936    -.1720497    .1867783
                      |
     d#c.reg15_1_r_c3 |
                   1  |   .1162014   .0847158     1.37   0.170    -.0498713    .2822741
                      |
    d#c.health_4_r_dm |
                   1  |  -.0672649   .0446794    -1.51   0.132    -.1548522    .0203225
                      |
      f5#c.age_4_r_c2 |
                   1  |  -.0464843    .046827    -0.99   0.321    -.1382817    .0453131
                      |
      f5#c.age_4_r_c3 |
                   1  |   .0120778   .0494894     0.24   0.807    -.0849388    .1090943
                      |
     f5#c.educ_4_r_c2 |
                   1  |  -.0552682   .0474697    -1.16   0.244    -.1483254    .0377891
                      |
 f5#c.employed_4_r_c2 |
                   1  |  -.0475563   .0375127    -1.27   0.205    -.1210943    .0259816
                      |
    f5#c.relig_4_r_c2 |
                   1  |     .10999   .0475692     2.31   0.021     .0167376    .2032423
                      |
    f5#c.relig_4_r_c3 |
                   1  |  -.0316087   .0586307    -0.54   0.590    -.1465454    .0833279
                      |
    f5#c.relig_4_r_c4 |
                   1  |   .0570077   .0405707     1.41   0.160    -.0225251    .1365405
                      |
    f5#c.reg15_1_r_c2 |
                   1  |   .0422122   .0593889     0.71   0.477    -.0742108    .1586352
                      |
    f5#c.reg15_1_r_c3 |
                   1  |  -.0243818   .0420902    -0.58   0.562    -.1068934    .0581297
                      |
   f5#c.health_4_r_dm |
                   1  |    .007322   .0243547     0.30   0.764    -.0404217    .0550658
                      |
                _cons |   2.780461   .0437951    63.49   0.000     2.694607    2.866315
---------------------------------------------------------------------------------------

Average marginal effects                              Number of obs   = 30,700
                                                      Subpop. no. obs =  2,030

Expression: Linear prediction, predict()
dy/dx wrt:  w
At: f5 = 1

                               (Std. err. adjusted for 6,140 clusters in opid)
------------------------------------------------------------------------------
             |            Unconditional
             |      dy/dx   std. err.      t    P>|t|     [95% conf. interval]
-------------+----------------------------------------------------------------
           w |  -.2277341   .1052515    -2.16   0.031    -.4340639   -.0214044
------------------------------------------------------------------------------
(sum of wgt is 2.503419135127842)

Linear regression                               Number of obs     =     17,625
                                                F(43, 3524)       =      12.09
                                                Prob > F          =     0.0000
                                                R-squared         =     0.1213
                                                Root MSE          =     .78952

                                        (Std. err. adjusted for 3,525 clusters in opid)
---------------------------------------------------------------------------------------
                      |               Robust
                    y | Coefficient  std. err.      t    P>|t|     [95% conf. interval]
----------------------+----------------------------------------------------------------
                    w |  -.2019193   .2396585    -0.84   0.400    -.6718027    .2679642
                  1.d |  -.0588585   .1240179    -0.47   0.635    -.3020126    .1842956
                 1.f5 |  -.0205305   .0809537    -0.25   0.800    -.1792514    .1381904
                      |
     c.w#c.age_4_r_c2 |   .3212387   .2056262     1.56   0.118    -.0819197    .7243972
                      |
     c.w#c.age_4_r_c3 |   .5115725   .2315281     2.21   0.027     .0576297    .9655152
                      |
    c.w#c.educ_4_r_c2 |    .048078   .2087984     0.23   0.818    -.3612999    .4574559
                      |
c.w#c.employed_4_r_c2 |  -.0819207   .1374981    -0.60   0.551    -.3515046    .1876633
                      |
   c.w#c.relig_4_r_c2 |  -.2039212   .2169488    -0.94   0.347    -.6292792    .2214369
                      |
   c.w#c.relig_4_r_c3 |   -.183781   .1965382    -0.94   0.350    -.5691211    .2015591
                      |
   c.w#c.relig_4_r_c4 |  -.1284554   .1717435    -0.75   0.455    -.4651821    .2082713
                      |
   c.w#c.reg15_1_r_c2 |  -.0994326   .1910037    -0.52   0.603    -.4739215    .2750563
                      |
   c.w#c.reg15_1_r_c3 |  -.2356901   .1781965    -1.32   0.186    -.5850689    .1136887
                      |
  c.w#c.health_4_r_dm |  -.0403319   .0816888    -0.49   0.622     -.200494    .1198303
                      |
           age_4_r_c2 |  -.2064085   .0383854    -5.38   0.000    -.2816682   -.1311487
           age_4_r_c3 |  -.4358222   .0434747   -10.02   0.000    -.5210602   -.3505841
          educ_4_r_c2 |   .0677125    .040714     1.66   0.096    -.0121128    .1475379
      employed_4_r_c2 |   .0667653   .0326467     2.05   0.041      .002757    .1307736
         relig_4_r_c2 |  -.1399343   .0397101    -3.52   0.000    -.2177914   -.0620772
         relig_4_r_c3 |   -.125115   .0700454    -1.79   0.074    -.2624486    .0122187
         relig_4_r_c4 |  -.1539194   .0326272    -4.72   0.000    -.2178896   -.0899493
         reg15_1_r_c2 |  -.1403318   .0428252    -3.28   0.001    -.2242965   -.0563671
         reg15_1_r_c3 |  -.1525457   .0351805    -4.34   0.000     -.221522   -.0835695
        health_4_r_dm |   .0605511    .021247     2.85   0.004     .0188933    .1022088
                      |
       d#c.age_4_r_c2 |
                   1  |  -.1185906   .0982217    -1.21   0.227    -.3111678    .0739866
                      |
       d#c.age_4_r_c3 |
                   1  |  -.2013133   .1167154    -1.72   0.085    -.4301499    .0275233
                      |
      d#c.educ_4_r_c2 |
                   1  |  -.0718455   .1017929    -0.71   0.480    -.2714244    .1277334
                      |
  d#c.employed_4_r_c2 |
                   1  |   .0490145   .0686164     0.71   0.475    -.0855173    .1835463
                      |
     d#c.relig_4_r_c2 |
                   1  |   .2800392   .1048627     2.67   0.008     .0744415    .4856369
                      |
     d#c.relig_4_r_c3 |
                   1  |   .2834653    .138091     2.05   0.040      .012719    .5542116
                      |
     d#c.relig_4_r_c4 |
                   1  |   .1703379   .0946999     1.80   0.072    -.0153342      .35601
                      |
     d#c.reg15_1_r_c2 |
                   1  |   .0853617   .0961982     0.89   0.375    -.1032482    .2739716
                      |
     d#c.reg15_1_r_c3 |
                   1  |   .1764068   .0880327     2.00   0.045     .0038066    .3490071
                      |
    d#c.health_4_r_dm |
                   1  |  -.0778245   .0472643    -1.65   0.100    -.1704926    .0148436
                      |
      f5#c.age_4_r_c2 |
                   1  |  -.0571134   .0624242    -0.91   0.360    -.1795046    .0652778
                      |
      f5#c.age_4_r_c3 |
                   1  |    .037999    .067169     0.57   0.572     -.093695     .169693
                      |
     f5#c.educ_4_r_c2 |
                   1  |  -.0638238   .0686332    -0.93   0.352    -.1983886     .070741
                      |
 f5#c.employed_4_r_c2 |
                   1  |  -.0695022    .055397    -1.25   0.210    -.1781157    .0391112
                      |
    f5#c.relig_4_r_c2 |
                   1  |   .1342838   .0610143     2.20   0.028     .0146569    .2539106
                      |
    f5#c.relig_4_r_c3 |
                   1  |   .0441508    .079596     0.55   0.579    -.1119082    .2002097
                      |
    f5#c.relig_4_r_c4 |
                   1  |   .0648666   .0538256     1.21   0.228    -.0406659    .1703992
                      |
    f5#c.reg15_1_r_c2 |
                   1  |   .1080619   .0893272     1.21   0.226    -.0670763    .2832002
                      |
    f5#c.reg15_1_r_c3 |
                   1  |  -.0355514   .0587931    -0.60   0.545    -.1508233    .0797204
                      |
   f5#c.health_4_r_dm |
                   1  |   .0037589   .0376302     0.10   0.920    -.0700202     .077538
                      |
                _cons |   2.850954   .0577177    49.39   0.000      2.73779    2.964117
---------------------------------------------------------------------------------------

Average marginal effects                              Number of obs   = 17,625
                                                      Subpop. no. obs =  2,030

Expression: Linear prediction, predict()
dy/dx wrt:  w
At: f5 = 1

                               (Std. err. adjusted for 3,525 clusters in opid)
------------------------------------------------------------------------------
             |            Unconditional
             |      dy/dx   std. err.      t    P>|t|     [95% conf. interval]
-------------+----------------------------------------------------------------
           w |  -.1956471    .103428    -1.89   0.059    -.3984318    .0071376
------------------------------------------------------------------------------
(sum of wgt is 1.789383138057019)

Linear regression                               Number of obs     =     12,330
                                                F(43, 2465)       =      10.02
                                                Prob > F          =     0.0000
                                                R-squared         =     0.1144
                                                Root MSE          =     .79614

                                        (Std. err. adjusted for 2,466 clusters in opid)
---------------------------------------------------------------------------------------
                      |               Robust
                    y | Coefficient  std. err.      t    P>|t|     [95% conf. interval]
----------------------+----------------------------------------------------------------
                    w |  -.2413486   .2437547    -0.99   0.322    -.7193337    .2366364
                  1.d |  -.0560325   .1340191    -0.42   0.676    -.3188342    .2067691
                 1.f5 |   .0188988   .0920539     0.21   0.837    -.1616122    .1994099
                      |
     c.w#c.age_4_r_c2 |   .3077158   .2095899     1.47   0.142    -.1032747    .7187064
                      |
     c.w#c.age_4_r_c3 |    .517211    .237559     2.18   0.030     .0513752    .9830468
                      |
    c.w#c.educ_4_r_c2 |   .0736587   .2133879     0.35   0.730    -.3447793    .4920968
                      |
c.w#c.employed_4_r_c2 |  -.1172735   .1422934    -0.82   0.410    -.3963005    .1617535
                      |
   c.w#c.relig_4_r_c2 |  -.1878415   .2194708    -0.86   0.392    -.6182077    .2425246
                      |
   c.w#c.relig_4_r_c3 |  -.1468276   .2026035    -0.72   0.469    -.5441182    .2504631
                      |
   c.w#c.relig_4_r_c4 |  -.1117588   .1766876    -0.63   0.527    -.4582303    .2347128
                      |
   c.w#c.reg15_1_r_c2 |    .003785   .1939619     0.02   0.984    -.3765601      .38413
                      |
   c.w#c.reg15_1_r_c3 |  -.1956523   .1829022    -1.07   0.285    -.5543102    .1630057
                      |
  c.w#c.health_4_r_dm |  -.0280517   .0866247    -0.32   0.746    -.1979165     .141813
                      |
           age_4_r_c2 |  -.1860038   .0491724    -3.78   0.000    -.2824272   -.0895804
           age_4_r_c3 |   -.429311   .0572076    -7.50   0.000     -.541491   -.3171311
          educ_4_r_c2 |   .0505487   .0541884     0.93   0.351    -.0557107    .1568082
      employed_4_r_c2 |   .0473163   .0400427     1.18   0.237    -.0312045     .125837
         relig_4_r_c2 |  -.1194768   .0468431    -2.55   0.011    -.2113327    -.027621
         relig_4_r_c3 |   -.100345   .0913654    -1.10   0.272    -.2795058    .0788159
         relig_4_r_c4 |  -.1441289   .0393803    -3.66   0.000    -.2213507    -.066907
         reg15_1_r_c2 |  -.1704617   .0501321    -3.40   0.001     -.268767   -.0721565
         reg15_1_r_c3 |  -.1689852   .0403707    -4.19   0.000    -.2481491   -.0898212
        health_4_r_dm |    .053725   .0257689     2.08   0.037     .0031941    .1042559
                      |
       d#c.age_4_r_c2 |
                   1  |  -.1389953    .102964    -1.35   0.177    -.3409001    .0629096
                      |
       d#c.age_4_r_c3 |
                   1  |  -.2078245   .1225517    -1.70   0.090    -.4481394    .0324905
                      |
      d#c.educ_4_r_c2 |
                   1  |  -.0546816   .1079387    -0.51   0.612    -.2663414    .1569782
                      |
  d#c.employed_4_r_c2 |
                   1  |   .0684636   .0724575     0.94   0.345    -.0736203    .2105474
                      |
     d#c.relig_4_r_c2 |
                   1  |   .2595817   .1078175     2.41   0.016     .0481595     .471004
                      |
     d#c.relig_4_r_c3 |
                   1  |   .2586953     .15009     1.72   0.085    -.0356202    .5530108
                      |
     d#c.relig_4_r_c4 |
                   1  |   .1605473   .0972811     1.65   0.099    -.0302138    .3513084
                      |
     d#c.reg15_1_r_c2 |
                   1  |   .1154917   .0997098     1.16   0.247    -.0800318    .3110152
                      |
     d#c.reg15_1_r_c3 |
                   1  |   .1928463   .0902747     2.14   0.033     .0158242    .3698684
                      |
    d#c.health_4_r_dm |
                   1  |  -.0709984   .0494834    -1.43   0.151    -.1680316    .0260349
                      |
      f5#c.age_4_r_c2 |
                   1  |  -.0435905   .0741453    -0.59   0.557    -.1889841    .1018031
                      |
      f5#c.age_4_r_c3 |
                   1  |   .0323605   .0853408     0.38   0.705    -.1349866    .1997075
                      |
     f5#c.educ_4_r_c2 |
                   1  |  -.0894045   .0812558    -1.10   0.271    -.2487412    .0699322
                      |
 f5#c.employed_4_r_c2 |
                   1  |  -.0341493   .0662716    -0.52   0.606    -.1641032    .0958045
                      |
    f5#c.relig_4_r_c2 |
                   1  |   .1182041   .0690833     1.71   0.087    -.0172631    .2536714
                      |
    f5#c.relig_4_r_c3 |
                   1  |   .0071974   .0933732     0.08   0.939    -.1759007    .1902954
                      |
    f5#c.relig_4_r_c4 |
                   1  |     .04817   .0677398     0.71   0.477    -.0846629    .1810028
                      |
    f5#c.reg15_1_r_c2 |
                   1  |   .0048444   .0953137     0.05   0.959    -.1820589    .1917476
                      |
    f5#c.reg15_1_r_c3 |
                   1  |  -.0755893   .0715726    -1.06   0.291     -.215938    .0647594
                      |
   f5#c.health_4_r_dm |
                   1  |  -.0085212   .0473354    -0.18   0.857    -.1013425    .0843001
                      |
                _cons |   2.848128   .0767976    37.09   0.000     2.697533    2.998722
---------------------------------------------------------------------------------------

Average marginal effects                              Number of obs   = 12,330
                                                      Subpop. no. obs =  2,030

Expression: Linear prediction, predict()
dy/dx wrt:  w
At: f5 = 1

                               (Std. err. adjusted for 2,466 clusters in opid)
------------------------------------------------------------------------------
             |            Unconditional
             |      dy/dx   std. err.      t    P>|t|     [95% conf. interval]
-------------+----------------------------------------------------------------
           w |  -.1934896   .1063371    -1.82   0.069    -.4020089    .0150297
------------------------------------------------------------------------------
(sum of wgt is .9857443258988496)

Linear regression                               Number of obs     =      6,870
                                                F(43, 1373)       =       6.07
                                                Prob > F          =     0.0000
                                                R-squared         =     0.1007
                                                Root MSE          =     .81719

                                        (Std. err. adjusted for 1,374 clusters in opid)
---------------------------------------------------------------------------------------
                      |               Robust
                    y | Coefficient  std. err.      t    P>|t|     [95% conf. interval]
----------------------+----------------------------------------------------------------
                    w |  -.0903809   .2668449    -0.34   0.735    -.6138488     .433087
                  1.d |   .0478376   .1525842     0.31   0.754    -.2514858    .3471611
                 1.f5 |  -.1320689   .1417929    -0.93   0.352    -.4102231    .1460853
                      |
     c.w#c.age_4_r_c2 |   .1291971   .2236007     0.58   0.563    -.3094388    .5678331
                      |
     c.w#c.age_4_r_c3 |   .3893778   .2506576     1.55   0.121    -.1023355    .8810912
                      |
    c.w#c.educ_4_r_c2 |   .0507502   .2198937     0.23   0.818    -.3806139    .4821142
                      |
c.w#c.employed_4_r_c2 |   .0186848   .1558744     0.12   0.905    -.2870929    .3244625
                      |
   c.w#c.relig_4_r_c2 |  -.1055397   .2297828    -0.46   0.646    -.5563031    .3452237
                      |
   c.w#c.relig_4_r_c3 |  -.3187414   .2364175    -1.35   0.178      -.78252    .1450371
                      |
   c.w#c.relig_4_r_c4 |  -.0679056    .196102    -0.35   0.729    -.4525977    .3167864
                      |
   c.w#c.reg15_1_r_c2 |  -.0281405   .2145591    -0.13   0.896    -.4490396    .3927586
                      |
   c.w#c.reg15_1_r_c3 |  -.2938059   .2017666    -1.46   0.146    -.6896101    .1019982
                      |
  c.w#c.health_4_r_dm |   .1177521    .105395     1.12   0.264    -.0890005    .3245048
                      |
           age_4_r_c2 |  -.2059996   .0708935    -2.91   0.004    -.3450709   -.0669282
           age_4_r_c3 |  -.4685271   .0818306    -5.73   0.000    -.6290536   -.3080006
          educ_4_r_c2 |   .0169403   .0660996     0.26   0.798    -.1127269    .1466075
      employed_4_r_c2 |   .1139003    .056942     2.00   0.046     .0021975     .225603
         relig_4_r_c2 |   -.026452   .0621621    -0.43   0.671     -.148395     .095491
         relig_4_r_c3 |  -.0032722   .1079941    -0.03   0.976    -.2151234     .208579
         relig_4_r_c4 |  -.0302795   .0620932    -0.49   0.626    -.1520873    .0915283
         reg15_1_r_c2 |   -.078228   .0717642    -1.09   0.276    -.2190073    .0625513
         reg15_1_r_c3 |  -.1138911   .0611651    -1.86   0.063    -.2338784    .0060961
        health_4_r_dm |   .0919609   .0369977     2.49   0.013     .0193828    .1645391
                      |
       d#c.age_4_r_c2 |
                   1  |  -.1189995   .1150436    -1.03   0.301    -.3446798    .1066808
                      |
       d#c.age_4_r_c3 |
                   1  |  -.1686084   .1359376    -1.24   0.215    -.4352762    .0980594
                      |
      d#c.educ_4_r_c2 |
                   1  |  -.0210732   .1145018    -0.18   0.854    -.2456907    .2035442
                      |
  d#c.employed_4_r_c2 |
                   1  |   .0018796   .0830688     0.02   0.982    -.1610759     .164835
                      |
     d#c.relig_4_r_c2 |
                   1  |   .1665569   .1154289     1.44   0.149    -.0598792     .392993
                      |
     d#c.relig_4_r_c3 |
                   1  |   .1616225    .160892     1.00   0.315    -.1539982    .4772433
                      |
     d#c.relig_4_r_c4 |
                   1  |   .0466979   .1085956     0.43   0.667    -.1663333    .2597292
                      |
     d#c.reg15_1_r_c2 |
                   1  |   .0232579   .1122588     0.21   0.836    -.1969594    .2434752
                      |
     d#c.reg15_1_r_c3 |
                   1  |   .1377522   .1013963     1.36   0.175    -.0611562    .3366606
                      |
    d#c.health_4_r_dm |
                   1  |  -.1092343   .0562046    -1.94   0.052    -.2194904    .0010218
                      |
      f5#c.age_4_r_c2 |
                   1  |   .1349282   .1069916     1.26   0.207    -.0749565    .3448129
                      |
      f5#c.age_4_r_c3 |
                   1  |   .1601936   .1162971     1.38   0.169    -.0679456    .3883328
                      |
     f5#c.educ_4_r_c2 |
                   1  |  -.0664959   .0964374    -0.69   0.491    -.2556764    .1226846
                      |
 f5#c.employed_4_r_c2 |
                   1  |  -.1701077   .0916077    -1.86   0.064    -.3498139    .0095985
                      |
    f5#c.relig_4_r_c2 |
                   1  |   .0359023   .0962815     0.37   0.709    -.1529724     .224777
                      |
    f5#c.relig_4_r_c3 |
                   1  |   .1791113   .1531762     1.17   0.242    -.1213735     .479596
                      |
    f5#c.relig_4_r_c4 |
                   1  |   .0043169   .1083664     0.04   0.968    -.2082647    .2168984
                      |
    f5#c.reg15_1_r_c2 |
                   1  |   .0367698    .131948     0.28   0.781    -.2220716    .2956113
                      |
    f5#c.reg15_1_r_c3 |
                   1  |   .0225644   .1108647     0.20   0.839    -.1949181    .2400469
                      |
   f5#c.health_4_r_dm |
                   1  |  -.1543251   .0763447    -2.02   0.043      -.30409   -.0045601
                      |
                _cons |   2.744258    .105741    25.95   0.000     2.536826    2.951689
---------------------------------------------------------------------------------------

Average marginal effects                               Number of obs   = 6,870
                                                       Subpop. no. obs = 2,030

Expression: Linear prediction, predict()
dy/dx wrt:  w
At: f5 = 1

                               (Std. err. adjusted for 1,374 clusters in opid)
------------------------------------------------------------------------------
             |            Unconditional
             |      dy/dx   std. err.      t    P>|t|     [95% conf. interval]
-------------+----------------------------------------------------------------
           w |  -.0897072   .0964992    -0.93   0.353     -.279009    .0995946
------------------------------------------------------------------------------
(sum of wgt is .6166568060507416)

Linear regression                               Number of obs     =      3,650
                                                F(43, 729)        =       4.42
                                                Prob > F          =     0.0000
                                                R-squared         =     0.0939
                                                Root MSE          =     .80904

                                          (Std. err. adjusted for 730 clusters in opid)
---------------------------------------------------------------------------------------
                      |               Robust
                    y | Coefficient  std. err.      t    P>|t|     [95% conf. interval]
----------------------+----------------------------------------------------------------
                    w |   -.148073   .2742475    -0.54   0.589    -.6864821     .390336
                  1.d |   .1332125   .2070665     0.64   0.520    -.2733052    .5397303
                 1.f5 |  -.0743768   .1542465    -0.48   0.630    -.3771971    .2284436
                      |
     c.w#c.age_4_r_c2 |     .28978   .2392655     1.21   0.226    -.1799516    .7595117
                      |
     c.w#c.age_4_r_c3 |   .5104162   .2770149     1.84   0.066    -.0334258    1.054258
                      |
    c.w#c.educ_4_r_c2 |   .1391066   .2328316     0.60   0.550    -.3179939    .5962071
                      |
c.w#c.employed_4_r_c2 |  -.1463136   .1650628    -0.89   0.376    -.4703688    .1777416
                      |
   c.w#c.relig_4_r_c2 |  -.0305149    .252693    -0.12   0.904    -.5266078     .465578
                      |
   c.w#c.relig_4_r_c3 |  -.2117159    .282313    -0.75   0.454    -.7659595    .3425277
                      |
   c.w#c.relig_4_r_c4 |  -.2962168   .2171248    -1.36   0.173    -.7224812    .1300477
                      |
   c.w#c.reg15_1_r_c2 |  -.0564972    .220665    -0.26   0.798    -.4897119    .3767175
                      |
   c.w#c.reg15_1_r_c3 |  -.3242162   .2095369    -1.55   0.122     -.735584    .0871515
                      |
  c.w#c.health_4_r_dm |   .1115747   .1002252     1.11   0.266    -.0851898    .3083392
                      |
           age_4_r_c2 |  -.2204395   .1025571    -2.15   0.032    -.4217821    -.019097
           age_4_r_c3 |  -.4494427   .1310782    -3.43   0.001    -.7067786   -.1921069
          educ_4_r_c2 |   .0888639   .0963396     0.92   0.357    -.1002722        .278
      employed_4_r_c2 |   .0724512   .0794322     0.91   0.362    -.0834919    .2283943
         relig_4_r_c2 |   .0967093   .0995092     0.97   0.331    -.0986496    .2920681
         relig_4_r_c3 |   .2472032   .1258555     1.96   0.050     .0001207    .4942858
         relig_4_r_c4 |   .2196052    .099527     2.21   0.028     .0242114    .4149989
         reg15_1_r_c2 |  -.0825995   .0955987    -0.86   0.388     -.270281     .105082
         reg15_1_r_c3 |   -.099116   .0885277    -1.12   0.263    -.2729157    .0746837
        health_4_r_dm |   .0381606    .052433     0.73   0.467    -.0647771    .1410983
                      |
       d#c.age_4_r_c2 |
                   1  |  -.1045595   .1370339    -0.76   0.446    -.3735878    .1644687
                      |
       d#c.age_4_r_c3 |
                   1  |  -.1876928   .1704047    -1.10   0.271    -.5222353    .1468497
                      |
      d#c.educ_4_r_c2 |
                   1  |  -.0929968    .134452    -0.69   0.489    -.3569561    .1709625
                      |
  d#c.employed_4_r_c2 |
                   1  |   .0433287   .0999515     0.43   0.665    -.1528985    .2395559
                      |
     d#c.relig_4_r_c2 |
                   1  |   .0433956   .1393585     0.31   0.756    -.2301962    .3169875
                      |
     d#c.relig_4_r_c3 |
                   1  |  -.0888529   .1736428    -0.51   0.609    -.4297526    .2520468
                      |
     d#c.relig_4_r_c4 |
                   1  |  -.2031867   .1337631    -1.52   0.129    -.4657936    .0594201
                      |
     d#c.reg15_1_r_c2 |
                   1  |   .0276294   .1289865     0.21   0.830    -.2255999    .2808587
                      |
     d#c.reg15_1_r_c3 |
                   1  |   .1229771   .1200749     1.02   0.306    -.1127566    .3587109
                      |
    d#c.health_4_r_dm |
                   1  |   -.055434   .0674574    -0.82   0.411     -.187868    .0770001
                      |
      f5#c.age_4_r_c2 |
                   1  |  -.0256547   .1358585    -0.19   0.850    -.2923752    .2410658
                      |
      f5#c.age_4_r_c3 |
                   1  |   .0391552   .1646982     0.24   0.812    -.2841842    .3624946
                      |
     f5#c.educ_4_r_c2 |
                   1  |  -.1548524   .1221226    -1.27   0.205    -.3946063    .0849015
                      |
 f5#c.employed_4_r_c2 |
                   1  |  -.0051093   .1060268    -0.05   0.962    -.2132637    .2030451
                      |
    f5#c.relig_4_r_c2 |
                   1  |  -.0391225   .1416061    -0.28   0.782    -.3171269    .2388819
                      |
    f5#c.relig_4_r_c3 |
                   1  |   .0720857   .2169519     0.33   0.740    -.3538394    .4980108
                      |
    f5#c.relig_4_r_c4 |
                   1  |    .232628   .1423511     1.63   0.103     -.046839     .512095
                      |
    f5#c.reg15_1_r_c2 |
                   1  |   .0651265    .141029     0.46   0.644    -.2117449     .341998
                      |
    f5#c.reg15_1_r_c3 |
                   1  |   .0529747   .1237323     0.43   0.669    -.1899395    .2958889
                      |
   f5#c.health_4_r_dm |
                   1  |  -.1481476   .0687938    -2.15   0.032    -.2832052     -.01309
                      |
                _cons |   2.658883   .1752149    15.17   0.000     2.314897    3.002869
---------------------------------------------------------------------------------------

Average marginal effects                               Number of obs   = 3,650
                                                       Subpop. no. obs = 2,030

Expression: Linear prediction, predict()
dy/dx wrt:  w
At: f5 = 1

                                 (Std. err. adjusted for 730 clusters in opid)
------------------------------------------------------------------------------
             |            Unconditional
             |      dy/dx   std. err.      t    P>|t|     [95% conf. interval]
-------------+----------------------------------------------------------------
           w |  -.1423551   .1110536    -1.28   0.200    -.3603781     .075668
------------------------------------------------------------------------------

. 
. * store the estimates
. estout ///
> cov_model_88 cov_model_0 cov_model_118 cov_model_149 cov_model_179 cov_model_210  ///
>                 using output/covariate-model-est.xls,  ///
>         cells(b(fmt(a2)) se(par)  p(fmt(a2))) stats(N ) replace  
(file output/covariate-model-est.xls not found)
(output written to output/covariate-model-est.xls)

. 
. ********************************************************************************
. *** Visualization
. ********************************************************************************
. 
. *** Trends *********************************************************************
. la def treat 0 "Comparison" 1 "Treated"

. la val d treat

. 
. la def wave 1 "2007-2008" 2 "2008-2009" 3 "2010-2011" 4 "2012-2013" 5 "2014-2015"

. la val W wave

. 
. // ssc install schemepack, replace // Need to install first
. 
. reg y i.d##i.W [pw= wt_rs] if days_all >= 88 , vce(cluster opid)
(sum of wgt is 3.529550333942097)

Linear regression                               Number of obs     =     25,405
                                                F(9, 5080)        =       4.88
                                                Prob > F          =     0.0000
                                                R-squared         =     0.0075
                                                Root MSE          =     .83336

                                     (Std. err. adjusted for 5,081 clusters in opid)
------------------------------------------------------------------------------------
                   |               Robust
                 y | Coefficient  std. err.      t    P>|t|     [95% conf. interval]
-------------------+----------------------------------------------------------------
                 d |
          Treated  |   .2387438   .1404855     1.70   0.089    -.0366684    .5141559
                   |
                 W |
        2008-2009  |  -.0962333   .0272822    -3.53   0.000    -.1497182   -.0427484
        2010-2011  |  -.1561096   .0337862    -4.62   0.000    -.2223451   -.0898741
        2012-2013  |  -.1236392   .0318278    -3.88   0.000    -.1860353    -.061243
        2014-2015  |  -.0867707   .0303239    -2.86   0.004    -.1462185   -.0273228
                   |
               d#W |
Treated#2008-2009  |  -.1471462   .1859804    -0.79   0.429     -.511748    .2174555
Treated#2010-2011  |  -.1951286   .1093869    -1.78   0.075    -.4095742    .0193169
Treated#2012-2013  |  -.1954981   .1098912    -1.78   0.075    -.4109322     .019936
Treated#2014-2015  |  -.3645234   .1831453    -1.99   0.047     -.723567   -.0054797
                   |
             _cons |   2.617733   .0254458   102.87   0.000     2.567848    2.667618
------------------------------------------------------------------------------------

. margins, over(d W)

Predictive margins                                      Number of obs = 25,405
Model VCE: Robust

Expression: Linear prediction, predict()
Over:       d W

---------------------------------------------------------------------------------------
                      |            Delta-method
                      |     Margin   std. err.      t    P>|t|     [95% conf. interval]
----------------------+----------------------------------------------------------------
                  d#W |
Comparison#2007-2008  |   2.617733   .0254458   102.87   0.000     2.567848    2.667618
Comparison#2008-2009  |     2.5215   .0242136   104.14   0.000      2.47403    2.568969
Comparison#2010-2011  |   2.461623   .0274197    89.78   0.000     2.407869    2.515378
Comparison#2012-2013  |   2.494094   .0293384    85.01   0.000     2.436578    2.551609
Comparison#2014-2015  |   2.530962   .0241059   104.99   0.000     2.483704     2.57822
   Treated#2007-2008  |   2.856477   .1381618    20.67   0.000      2.58562    3.127333
   Treated#2008-2009  |   2.613097   .1001265    26.10   0.000     2.416806    2.809388
   Treated#2010-2011  |   2.505238   .0732146    34.22   0.000     2.361706    2.648771
   Treated#2012-2013  |   2.537339   .0702194    36.13   0.000     2.399679       2.675
   Treated#2014-2015  |   2.405182   .0636672    37.78   0.000     2.280367    2.529998
---------------------------------------------------------------------------------------

. marginsplot, xdim(W) noci xline(4.5, lcolor(red%40) lwidth(medthick) lpattern(solid)) ///
>  title("") xtitle("Survey Year", size(medsmall) margin(l+0 r+0 b+0 t+3)) ///
>  ytitle(`""Husband's infidelity should result in divorce""', size(3.3)) ///
>  ylabel(1.5(0.5)3, labsize(medsmall)) ///
>  legend(ring(0) size(4) pos(7) region(lc(none%0))) ///
>  plot1opts(lwidth(medthick) msize(medium)) ///
>   plot2opts(lwidth(medthick) msize(medium)) ///
>  graphregion(margin(large)) scheme(cblind1 )  xlabel(, labsize(medsmall)) ///
>  aspectratio(0.5)   graphregion(margin(large))

Variables that uniquely identify margins: d W
(note:  named style thin not found in class linestyle, default attributes used)

.  
. gr save output/pre-trends-levels.gph, replace
(file output/pre-trends-levels.gph not found)
file output/pre-trends-levels.gph saved

. graph export output/pre-trends-levels.png,   replace 
(file output/pre-trends-levels.png not found)
file output/pre-trends-levels.png saved as PNG format

. graph export output/pre-trend-levels.pdf,   replace 
file output/pre-trend-levels.pdf saved as PDF format

. 
. 
. log close
      name:  <unnamed>
       log:  C:\wd\adultery-law-south-korea-demres\log/04-analysis.log
  log type:  text
 closed on:  27 Nov 2024, 18:44:38
---------------------------------------------------------------------------------------------------------------------------------------------------------------------------------------------------------------------------------
